生成启动时间为 2018/8/28 星期二 13:56:41。
     1>项目“d:\documents\visual studio 2010\Projects\dyn\dyn\dyn.vcxproj”在节点 2 上(build 个目标)。
     1>InitializeBuildStatus:
         正在创建“Debug\dyn.unsuccessfulbuild”，因为已指定“AlwaysCreate”。
       ClCompile:
         C:\Program Files (x86)\Microsoft Visual Studio 10.0\VC\bin\CL.exe /c /ZI /nologo /W3 /WX- /Od /Oy- /D WIN32 /D _DEBUG /D _CONSOLE /D _UNICODE /D UNICODE /Gm /EHsc /RTC1 /MDd /GS /fp:precise /Zc:wchar_t /Zc:forScope /Fo"Debug\\" /Fd"Debug\vc100.pdb" /Gd /TP /analyze- /errorReport:prompt main.cpp
         main.cpp
     1>d:\documents\visual studio 2010\projects\dyn\dyn\main.cpp(66): warning C4996: 'getch': The POSIX name for this item is deprecated. Instead, use the ISO C++ conformant name: _getch. See online help for details.
                 c:\program files (x86)\microsoft visual studio 10.0\vc\include\conio.h(128) : 参见“getch”的声明
       ManifestResourceCompile:
         所有输出均为最新。
       Link:
         C:\Program Files (x86)\Microsoft Visual Studio 10.0\VC\bin\link.exe /ERRORREPORT:PROMPT /OUT:"d:\documents\visual studio 2010\Projects\dyn\Debug\dyn.exe" /INCREMENTAL /NOLOGO kernel32.lib user32.lib gdi32.lib winspool.lib comdlg32.lib advapi32.lib shell32.lib ole32.lib oleaut32.lib uuid.lib odbc32.lib odbccp32.lib /MANIFEST /ManifestFile:"Debug\dyn.exe.intermediate.manifest" /MANIFESTUAC:"level='asInvoker' uiAccess='false'" /DEBUG /PDB:"d:\documents\visual studio 2010\Projects\dyn\Debug\dyn.pdb" /SUBSYSTEM:CONSOLE /TLBID:1 /DYNAMICBASE /NXCOMPAT /IMPLIB:"d:\documents\visual studio 2010\Projects\dyn\Debug\dyn.lib" /MACHINE:X86 Debug\dyn.exe.embed.manifest.res
         Debug\main.obj
         Debug\vec.obj
       Manifest:
         C:\Program Files (x86)\Microsoft SDKs\Windows\v7.0A\bin\mt.exe /nologo /verbose /out:"Debug\dyn.exe.embed.manifest" /manifest Debug\dyn.exe.intermediate.manifest
         所有输出均为最新。
       LinkEmbedManifest:
         所有输出均为最新。
         dyn.vcxproj -> d:\documents\visual studio 2010\Projects\dyn\Debug\dyn.exe
       FinalizeBuildStatus:
         正在删除文件“Debug\dyn.unsuccessfulbuild”。
         正在对“Debug\dyn.lastbuildstate”执行 Touch 任务。
     1>已完成生成项目“d:\documents\visual studio 2010\Projects\dyn\dyn\dyn.vcxproj”(build 个目标)的操作。

生成成功。

已用时间 00:00:01.17
